app/build/intermediates/manifest_merge_blame_file/debug/manifest-merger-blame-debug-report.txt
1<?xml version="1.0" encoding="utf-8"?>
2<manifest xmlns:android="http://schemas.android.com/apk/res/android"
3    package="com.example.work_app"
4    android:versionCode="1"
5    android:versionName="1.0" >
6
7    <uses-sdk
8        android:minSdkVersion="24"
8-->src/main/AndroidManifest.xml
9        android:targetSdkVersion="30" />
9-->src/main/AndroidManifest.xml
10
11    <uses-permission android:name="android.permission.INTERNET" />
11-->src/main/AndroidManifest.xml:5:5-67
11-->src/main/AndroidManifest.xml:5:22-64
12    <uses-permission android:name="ANDROID.PERMISSION.INTERNET" />
12-->src/main/AndroidManifest.xml:6:5-67
12-->src/main/AndroidManifest.xml:6:22-64
13
14    <!-- Although the *SdkVersion is captured in gradle build files, this is required for non gradle builds -->
15    <!-- <uses-sdk android:minSdkVersion="14"/> -->
16    <uses-permission android:name="android.permission.ACCESS_NETWORK_STATE" />
16-->[com.google.firebase:firebase-database:19.7.0] AndroidManifest.xml:25:5-79
16-->[com.google.firebase:firebase-database:19.7.0] AndroidManifest.xml:25:22-76
17    <uses-permission android:name="android.permission.WAKE_LOCK" />
17-->[com.google.android.gms:play-services-measurement-api:18.0.3] AndroidManifest.xml:24:5-68
17-->[com.google.android.gms:play-services-measurement-api:18.0.3] AndroidManifest.xml:24:22-65
18    <uses-permission android:name="com.google.android.finsky.permission.BIND_GET_INSTALL_REFERRER_SERVICE" />
18-->[com.google.android.gms:play-services-measurement:18.0.3] AndroidManifest.xml:26:5-110
18-->[com.google.android.gms:play-services-measurement:18.0.3] AndroidManifest.xml:26:22-107
19
20    <application
20-->src/main/AndroidManifest.xml:8:5-28:19
21        android:allowBackup="true"
21-->src/main/AndroidManifest.xml:9:9-35
22        android:appComponentFactory="androidx.core.app.CoreComponentFactory"
22-->[androidx.core:core:1.3.1] AndroidManifest.xml:24:18-86
23        android:debuggable="true"
24        android:extractNativeLibs="false"
25        android:icon="@mipmap/ic_launcher"
25-->src/main/AndroidManifest.xml:10:9-43
26        android:label="@string/app_name"
26-->src/main/AndroidManifest.xml:11:9-41
27        android:roundIcon="@mipmap/ic_launcher_round"
27-->src/main/AndroidManifest.xml:12:9-54
28        android:supportsRtl="true"
28-->src/main/AndroidManifest.xml:13:9-35
29        android:testOnly="true"
30        android:theme="@style/Theme.Work_app" >
30-->src/main/AndroidManifest.xml:14:9-46
31        <activity android:name="com.example.work_app.MainActivity" />
31-->src/main/AndroidManifest.xml:15:9-59
31-->src/main/AndroidManifest.xml:15:19-47
32        <activity android:name="com.example.work_app.MainRabota" />
32-->src/main/AndroidManifest.xml:16:9-48
32-->src/main/AndroidManifest.xml:16:19-45
33        <activity android:name="com.example.work_app.MainStudent" />
33-->src/main/AndroidManifest.xml:17:9-49
33-->src/main/AndroidManifest.xml:17:19-46
34        <activity android:name="com.example.work_app.MainEmployer" />
34-->src/main/AndroidManifest.xml:18:9-50
34-->src/main/AndroidManifest.xml:18:19-47
35        <activity android:name="com.example.work_app.WindowChoice" />
35-->src/main/AndroidManifest.xml:19:9-50
35-->src/main/AndroidManifest.xml:19:19-47
36        <activity android:name="com.example.work_app.MainWindow" />
36-->src/main/AndroidManifest.xml:20:9-48
36-->src/main/AndroidManifest.xml:20:19-45
37        <activity android:name="com.example.work_app.MainStydMain" >
37-->src/main/AndroidManifest.xml:21:9-27:20
37-->src/main/AndroidManifest.xml:21:19-47
38            <intent-filter>
38-->src/main/AndroidManifest.xml:22:13-26:29
39                <action android:name="android.intent.action.MAIN" />
39-->src/main/AndroidManifest.xml:23:17-69
39-->src/main/AndroidManifest.xml:23:25-66
40
41                <category android:name="android.intent.category.LAUNCHER" />
41-->src/main/AndroidManifest.xml:25:17-77
41-->src/main/AndroidManifest.xml:25:27-74
42            </intent-filter>
43        </activity>
44
45        <meta-data
45-->[com.firebaseui:firebase-ui-database:1.1.1] AndroidManifest.xml:14:9-16:69
46            android:name="com.google.android.gms.version"
46-->[com.firebaseui:firebase-ui-database:1.1.1] AndroidManifest.xml:15:13-58
47            android:value="@integer/google_play_services_version" />
47-->[com.firebaseui:firebase-ui-database:1.1.1] AndroidManifest.xml:16:13-66
48
49        <service
49-->[com.google.firebase:firebase-database:19.7.0] AndroidManifest.xml:29:9-35:19
50            android:name="com.google.firebase.components.ComponentDiscoveryService"
50-->[com.google.firebase:firebase-database:19.7.0] AndroidManifest.xml:30:13-84
51            android:directBootAware="true"
51-->[com.google.firebase:firebase-common:19.5.0] AndroidManifest.xml:35:13-43
52            android:exported="false" >
52-->[com.google.firebase:firebase-database:19.7.0] AndroidManifest.xml:31:13-37
53            <meta-data
53-->[com.google.firebase:firebase-database:19.7.0] AndroidManifest.xml:32:13-34:85
54                android:name="com.google.firebase.components:com.google.firebase.database.DatabaseRegistrar"
54-->[com.google.firebase:firebase-database:19.7.0] AndroidManifest.xml:33:17-109
55                android:value="com.google.firebase.components.ComponentRegistrar" />
55-->[com.google.firebase:firebase-database:19.7.0] AndroidManifest.xml:34:17-82
56            <meta-data
56-->[com.google.firebase:firebase-auth:20.0.4] AndroidManifest.xml:77:13-79:85
57                android:name="com.google.firebase.components:com.google.firebase.auth.FirebaseAuthRegistrar"
57-->[com.google.firebase:firebase-auth:20.0.4] AndroidManifest.xml:78:17-109
58                android:value="com.google.firebase.components.ComponentRegistrar" />
58-->[com.google.firebase:firebase-auth:20.0.4] AndroidManifest.xml:79:17-82
59            <meta-data
59-->[com.google.android.gms:play-services-measurement-api:18.0.3] AndroidManifest.xml:30:13-32:85
60                android:name="com.google.firebase.components:com.google.firebase.analytics.connector.internal.AnalyticsConnectorRegistrar"
60-->[com.google.android.gms:play-services-measurement-api:18.0.3] AndroidManifest.xml:31:17-139
61                android:value="com.google.firebase.components.ComponentRegistrar" />
61-->[com.google.android.gms:play-services-measurement-api:18.0.3] AndroidManifest.xml:32:17-82
62            <meta-data
62-->[com.google.firebase:firebase-installations:16.3.5] AndroidManifest.xml:18:13-20:85
63                android:name="com.google.firebase.components:com.google.firebase.installations.FirebaseInstallationsRegistrar"
63-->[com.google.firebase:firebase-installations:16.3.5] AndroidManifest.xml:19:17-127
64                android:value="com.google.firebase.components.ComponentRegistrar" />
64-->[com.google.firebase:firebase-installations:16.3.5] AndroidManifest.xml:20:17-82
65            <!--
66                This registrar is not defined in the dynamic-module-support sdk itself to allow non-firebase
67                clients to use it as well, by defining this registrar in their own core/common library.
68            -->
69            <meta-data
69-->[com.google.firebase:firebase-common:19.5.0] AndroidManifest.xml:43:13-45:85
70                android:name="com.google.firebase.components:com.google.firebase.dynamicloading.DynamicLoadingRegistrar"
70-->[com.google.firebase:firebase-common:19.5.0] AndroidManifest.xml:44:17-121
71                android:value="com.google.firebase.components.ComponentRegistrar" />
71-->[com.google.firebase:firebase-common:19.5.0] AndroidManifest.xml:45:17-82
72        </service>
73
74        <activity
74-->[com.google.firebase:firebase-auth:20.0.4] AndroidManifest.xml:27:9-44:20
75            android:name="com.google.firebase.auth.internal.GenericIdpActivity"
75-->[com.google.firebase:firebase-auth:20.0.4] AndroidManifest.xml:28:13-80
76            android:excludeFromRecents="true"
76-->[com.google.firebase:firebase-auth:20.0.4] AndroidManifest.xml:29:13-46
77            android:exported="true"
77-->[com.google.firebase:firebase-auth:20.0.4] AndroidManifest.xml:30:13-36
78            android:launchMode="singleTask"
78-->[com.google.firebase:firebase-auth:20.0.4] AndroidManifest.xml:31:13-44
79            android:theme="@android:style/Theme.Translucent.NoTitleBar" >
79-->[com.google.firebase:firebase-auth:20.0.4] AndroidManifest.xml:32:13-72
80            <intent-filter>
80-->[com.google.firebase:firebase-auth:20.0.4] AndroidManifest.xml:33:13-43:29
81                <action android:name="android.intent.action.VIEW" />
81-->[com.google.firebase:firebase-auth:20.0.4] AndroidManifest.xml:34:17-69
81-->[com.google.firebase:firebase-auth:20.0.4] AndroidManifest.xml:34:25-66
82
83                <category android:name="android.intent.category.DEFAULT" />
83-->[com.google.firebase:firebase-auth:20.0.4] AndroidManifest.xml:36:17-76
83-->[com.google.firebase:firebase-auth:20.0.4] AndroidManifest.xml:36:27-73
84                <category android:name="android.intent.category.BROWSABLE" />
84-->[com.google.firebase:firebase-auth:20.0.4] AndroidManifest.xml:37:17-78
84-->[com.google.firebase:firebase-auth:20.0.4] AndroidManifest.xml:37:27-75
85
86                <data
86-->[com.google.firebase:firebase-auth:20.0.4] AndroidManifest.xml:39:17-42:51
87                    android:host="firebase.auth"
87-->[com.google.firebase:firebase-auth:20.0.4] AndroidManifest.xml:40:21-49
88                    android:path="/"
88-->[com.google.firebase:firebase-auth:20.0.4] AndroidManifest.xml:41:21-37
89                    android:scheme="genericidp" />
89-->[com.google.firebase:firebase-auth:20.0.4] AndroidManifest.xml:42:21-48
90            </intent-filter>
91        </activity>
92        <activity
92-->[com.google.firebase:firebase-auth:20.0.4] AndroidManifest.xml:45:9-62:20
93            android:name="com.google.firebase.auth.internal.RecaptchaActivity"
93-->[com.google.firebase:firebase-auth:20.0.4] AndroidManifest.xml:46:13-79
94            android:excludeFromRecents="true"
94-->[com.google.firebase:firebase-auth:20.0.4] AndroidManifest.xml:47:13-46
95            android:exported="true"
95-->[com.google.firebase:firebase-auth:20.0.4] AndroidManifest.xml:48:13-36
96            android:launchMode="singleTask"
96-->[com.google.firebase:firebase-auth:20.0.4] AndroidManifest.xml:49:13-44
97            android:theme="@android:style/Theme.Translucent.NoTitleBar" >
97-->[com.google.firebase:firebase-auth:20.0.4] AndroidManifest.xml:50:13-72
98            <intent-filter>
98-->[com.google.firebase:firebase-auth:20.0.4] AndroidManifest.xml:51:13-61:29
99                <action android:name="android.intent.action.VIEW" />
99-->[com.google.firebase:firebase-auth:20.0.4] AndroidManifest.xml:34:17-69
99-->[com.google.firebase:firebase-auth:20.0.4] AndroidManifest.xml:34:25-66
100
101                <category android:name="android.intent.category.DEFAULT" />
101-->[com.google.firebase:firebase-auth:20.0.4] AndroidManifest.xml:36:17-76
101-->[com.google.firebase:firebase-auth:20.0.4] AndroidManifest.xml:36:27-73
102                <category android:name="android.intent.category.BROWSABLE" />
102-->[com.google.firebase:firebase-auth:20.0.4] AndroidManifest.xml:37:17-78
102-->[com.google.firebase:firebase-auth:20.0.4] AndroidManifest.xml:37:27-75
103
104                <data
104-->[com.google.firebase:firebase-auth:20.0.4] AndroidManifest.xml:39:17-42:51
105                    android:host="firebase.auth"
105-->[com.google.firebase:firebase-auth:20.0.4] AndroidManifest.xml:40:21-49
106                    android:path="/"
106-->[com.google.firebase:firebase-auth:20.0.4] AndroidManifest.xml:41:21-37
107                    android:scheme="recaptcha" />
107-->[com.google.firebase:firebase-auth:20.0.4] AndroidManifest.xml:42:21-48
108            </intent-filter>
109        </activity>
110
111        <service
111-->[com.google.firebase:firebase-auth:20.0.4] AndroidManifest.xml:64:9-73:19
112            android:name="com.google.firebase.auth.api.fallback.service.FirebaseAuthFallbackService"
112-->[com.google.firebase:firebase-auth:20.0.4] AndroidManifest.xml:65:13-101
113            android:enabled="true"
113-->[com.google.firebase:firebase-auth:20.0.4] AndroidManifest.xml:66:13-35
114            android:exported="false" >
114-->[com.google.firebase:firebase-auth:20.0.4] AndroidManifest.xml:67:13-37
115            <intent-filter>
115-->[com.google.firebase:firebase-auth:20.0.4] AndroidManifest.xml:68:13-72:29
116                <action android:name="com.google.firebase.auth.api.gms.service.START" />
116-->[com.google.firebase:firebase-auth:20.0.4] AndroidManifest.xml:69:17-89
116-->[com.google.firebase:firebase-auth:20.0.4] AndroidManifest.xml:69:25-86
117
118                <category android:name="android.intent.category.DEFAULT" />
118-->[com.google.firebase:firebase-auth:20.0.4] AndroidManifest.xml:36:17-76
118-->[com.google.firebase:firebase-auth:20.0.4] AndroidManifest.xml:36:27-73
119            </intent-filter>
120        </service>
121
122        <provider
122-->[com.google.firebase:firebase-common:19.5.0] AndroidManifest.xml:26:9-31:39
123            android:name="com.google.firebase.provider.FirebaseInitProvider"
123-->[com.google.firebase:firebase-common:19.5.0] AndroidManifest.xml:27:13-77
124            android:authorities="com.example.work_app.firebaseinitprovider"
124-->[com.google.firebase:firebase-common:19.5.0] AndroidManifest.xml:28:13-72
125            android:directBootAware="true"
125-->[com.google.firebase:firebase-common:19.5.0] AndroidManifest.xml:29:13-43
126            android:exported="false"
126-->[com.google.firebase:firebase-common:19.5.0] AndroidManifest.xml:30:13-37
127            android:initOrder="100" />
127-->[com.google.firebase:firebase-common:19.5.0] AndroidManifest.xml:31:13-36
128
129        <activity
129-->[com.google.android.gms:play-services-base:17.1.0] AndroidManifest.xml:23:9-26:75
130            android:name="com.google.android.gms.common.api.GoogleApiActivity"
130-->[com.google.android.gms:play-services-base:17.1.0] AndroidManifest.xml:24:13-79
131            android:exported="false"
131-->[com.google.android.gms:play-services-base:17.1.0] AndroidManifest.xml:25:13-37
132            android:theme="@android:style/Theme.Translucent.NoTitleBar" />
132-->[com.google.android.gms:play-services-base:17.1.0] AndroidManifest.xml:26:13-72
133
134        <receiver
134-->[com.google.android.gms:play-services-measurement:18.0.3] AndroidManifest.xml:29:9-33:20
135            android:name="com.google.android.gms.measurement.AppMeasurementReceiver"
135-->[com.google.android.gms:play-services-measurement:18.0.3] AndroidManifest.xml:30:13-85
136            android:enabled="true"
136-->[com.google.android.gms:play-services-measurement:18.0.3] AndroidManifest.xml:31:13-35
137            android:exported="false" >
137-->[com.google.android.gms:play-services-measurement:18.0.3] AndroidManifest.xml:32:13-37
138        </receiver>
139
140        <service
140-->[com.google.android.gms:play-services-measurement:18.0.3] AndroidManifest.xml:35:9-38:40
141            android:name="com.google.android.gms.measurement.AppMeasurementService"
141-->[com.google.android.gms:play-services-measurement:18.0.3] AndroidManifest.xml:36:13-84
142            android:enabled="true"
142-->[com.google.android.gms:play-services-measurement:18.0.3] AndroidManifest.xml:37:13-35
143            android:exported="false" />
143-->[com.google.android.gms:play-services-measurement:18.0.3] AndroidManifest.xml:38:13-37
144        <service
144-->[com.google.android.gms:play-services-measurement:18.0.3] AndroidManifest.xml:39:9-43:72
145            android:name="com.google.android.gms.measurement.AppMeasurementJobService"
145-->[com.google.android.gms:play-services-measurement:18.0.3] AndroidManifest.xml:40:13-87
146            android:enabled="true"
146-->[com.google.android.gms:play-services-measurement:18.0.3] AndroidManifest.xml:41:13-35
147            android:exported="false"
147-->[com.google.android.gms:play-services-measurement:18.0.3] AndroidManifest.xml:42:13-37
148            android:permission="android.permission.BIND_JOB_SERVICE" />
148-->[com.google.android.gms:play-services-measurement:18.0.3] AndroidManifest.xml:43:13-69
149    </application>
150
151</manifest>